2016-12-29 13:25:18,758 - INFO - werkzeug -   * Running on http://127.0.0.1:5000/ (Press CTRL+C to quit)
2016-12-29 13:25:18,759 - INFO - werkzeug -   * Restarting with stat
2016-12-29 13:25:18,909 - WARNING - werkzeug -   * Debugger is active!
2016-12-29 13:25:18,919 - INFO - werkzeug -   * Debugger pin code: 279-640-630
2016-12-29 13:26:59,565 - INFO - werkzeug -   * Detected change in '/Users/sdesby/Projets/Python/GareLaPlusProche/GareLaPlusProche/api.py', reloading
2016-12-29 13:26:59,599 - INFO - werkzeug -   * Restarting with stat
2016-12-29 13:26:59,741 - WARNING - werkzeug -   * Debugger is active!
2016-12-29 13:26:59,751 - INFO - werkzeug -   * Debugger pin code: 279-640-630
2016-12-29 13:27:18,876 - INFO - werkzeug -   * Detected change in '/Users/sdesby/Projets/Python/GareLaPlusProche/GareLaPlusProche/api.py', reloading
2016-12-29 13:27:19,444 - INFO - werkzeug -   * Restarting with stat
2016-12-29 13:27:19,589 - WARNING - werkzeug -   * Debugger is active!
2016-12-29 13:27:19,600 - INFO - werkzeug -   * Debugger pin code: 279-640-630
2016-12-29 13:28:44,055 - INFO - requests.packages.urllib3.connectionpool -  Starting new HTTP connection (1): api.opencagedata.com
2016-12-29 13:28:45,077 - DEBUG - requests.packages.urllib3.connectionpool -  "GET /geocode/v1/json?q=Cours+de+la+somme%2C+33000+bordeaux&language=fr&key=995f38d3b781b46526e1b3fd7e9a78a7&format=json HTTP/1.1" 200 None
2016-12-29 13:28:45,105 - INFO - werkzeug -  127.0.0.1 - - [29/Dec/2016 13:28:45] "GET /nearest-station?address=Cours%20de%20la%20somme,%2033000%20bordeaux HTTP/1.1" 200 -
2016-12-29 13:29:28,388 - INFO - werkzeug -   * Detected change in '/Users/sdesby/Projets/Python/GareLaPlusProche/GareLaPlusProche/api.py', reloading
2016-12-29 13:29:28,797 - INFO - werkzeug -   * Restarting with stat
2016-12-29 13:29:28,943 - WARNING - werkzeug -   * Debugger is active!
2016-12-29 13:29:28,953 - INFO - werkzeug -   * Debugger pin code: 279-640-630
2016-12-29 13:29:34,383 - INFO - requests.packages.urllib3.connectionpool -  Starting new HTTP connection (1): api.opencagedata.com
2016-12-29 13:29:34,817 - DEBUG - requests.packages.urllib3.connectionpool -  "GET /geocode/v1/json?q=Cours+de+la+somme%2C+33000+bordeaux&language=fr&key=995f38d3b781b46526e1b3fd7e9a78a7&format=json HTTP/1.1" 200 None
2016-12-29 13:29:34,819 - INFO - garelaplusproche -  Coordinates for address Cours de la somme, 33000 bordeauxare: [{u'confidence': 9, u'geometry': {'lat': 44.8256658, 'lng': -0.5725536}, u'formatted': u'Cours de la Somme, 33000 Bordeaux, France', u'bounds': {u'northeast': {'lat': 44.830491, 'lng': -0.5722844}, u'southwest': {'lat': 44.8205321, 'lng': -0.5726116}}, u'components': {u'city': u'Bordeaux', u'_type': u'road', u'country': u'France', u'county': u'Bordeaux', u'suburb': u'Victoire', u'state': u'Nouvelle-Aquitaine', u'postcode': u'33000', u'country_code': u'fr', u'road': u'Cours de la Somme'}, u'annotations': {u'MGRS': u'30TXQ9189966450', u'callingcode': 33, u'sun': {u'rise': {u'civil': 1482995160, u'astronomical': 1482990840, u'apparent': 1482997200, u'nautical': 1482992940}, u'set': {u'civil': 1483031040, u'astronomical': 1483035360, u'apparent': 1483029000, u'nautical': 1483033260}}, u'Maidenhead': u'IN94rt18hd', u'currency': {u'html_entity': u'&#x20AC;', u'name': u'Euro', u'alternate_symbols': [], u'subunit_to_unit': 100, u'symbol_first': 1, u'thousands_separator': u'.', u'decimal_mark': u',', u'iso_numeric': 978, u'smallest_denomination': 1, u'iso_code': u'EUR', u'subunit': u'Cent', u'symbol': u'\u20ac'}, u'DMS': {'lat': u"44\xb0 49' 32.39688'' N", 'lng': u"0\xb0 34' 21.19296'' E"}, u'geohash': u'ezzx4br06t9pfzwtnzrc', u'what3words': {u'words': u'tornade.violette.enfance'}, u'Mercator': {u'y': 5563984.507, u'x': -63736.375}, u'timezone': {u'offset_sec': 3600, u'offset_string': 100, u'now_in_dst': 0, u'name': u'Europe/Paris', u'short_name': u'CET'}, u'qibla': 111.75, u'OSM': {u'url': u'https://www.openstreetmap.org/?mlat=44.82567&mlon=-0.57255#map=17/44.82567/-0.57255', u'edit_url': u'https://www.openstreetmap.org/edit?way=23157311#map=17/44.82567/-0.57255'}}}, {u'geometry': {'lat': 44.8404, 'lng': -0.5805}, u'confidence': 10, u'annotations': {u'MGRS': u'30TXQ9122268068', u'sun': {u'rise': {u'civil': 1482995160, u'astronomical': 1482990840, u'apparent': 1482997200, u'nautical': 1482992940}, u'set': {u'civil': 1483031040, u'astronomical': 1483035360, u'apparent': 1483029000, u'nautical': 1483033260}}, u'Maidenhead': u'IN94ru01iq', u'DMS': {'lat': u"44\xb0 50' 25.44000'' N", 'lng': u"0\xb0 34' 49.80000'' E"}, u'geohash': u'ezzx4fcq327ufmr419np', u'what3words': {u'words': u'tonte.capuchon.dormeur'}, u'Mercator': {u'y': 5566289.562, u'x': -64620.964}, u'timezone': {u'offset_sec': 3600, u'offset_string': 100, u'now_in_dst': 0, u'name': u'Europe/Paris', u'short_name': u'CET'}, u'qibla': 111.76, u'OSM': {u'url': u'https://www.openstreetmap.org/?mlat=44.84040&mlon=-0.58050#map=17/44.84040/-0.58050'}}, u'components': {u'_type': u'local_administrative_area', u'country': u'France', u'local_administrative_area': u'Arrondissement de Bordeaux', u'county': u'Gironde', u'state': u'Aquitaine', u'postcode': u'33000'}, u'formatted': u'Arrondissement de Bordeaux, 33000 Aquitaine, France'}]
2016-12-29 13:29:34,846 - INFO - werkzeug -  127.0.0.1 - - [29/Dec/2016 13:29:34] "GET /nearest-station?address=Cours%20de%20la%20somme,%2033000%20bordeaux HTTP/1.1" 200 -
2016-12-29 13:34:50,952 - INFO - werkzeug -   * Detected change in '/Users/sdesby/Projets/Python/GareLaPlusProche/GareLaPlusProche/api.py', reloading
2016-12-29 13:34:51,361 - INFO - werkzeug -   * Restarting with stat
2016-12-29 13:35:16,066 - INFO - werkzeug -   * Running on http://127.0.0.1:5000/ (Press CTRL+C to quit)
2016-12-29 13:35:16,068 - INFO - werkzeug -   * Restarting with stat
2016-12-29 13:35:16,211 - WARNING - werkzeug -   * Debugger is active!
2016-12-29 13:35:16,221 - INFO - werkzeug -   * Debugger pin code: 279-640-630
2016-12-29 13:35:20,058 - INFO - requests.packages.urllib3.connectionpool -  Starting new HTTP connection (1): api.opencagedata.com
2016-12-29 13:35:21,001 - DEBUG - requests.packages.urllib3.connectionpool -  "GET /geocode/v1/json?q=Cours+de+la+somme%2C+33000+bordeaux&language=fr&key=995f38d3b781b46526e1b3fd7e9a78a7&format=json HTTP/1.1" 200 None
2016-12-29 13:35:21,114 - INFO - werkzeug -  127.0.0.1 - - [29/Dec/2016 13:35:21] "GET /nearest-station?address=Cours%20de%20la%20somme,%2033000%20bordeaux HTTP/1.1" 500 -
2016-12-29 13:35:43,397 - INFO - werkzeug -   * Detected change in '/Users/sdesby/Projets/Python/GareLaPlusProche/GareLaPlusProche/api.py', reloading
2016-12-29 13:35:43,900 - INFO - werkzeug -   * Restarting with stat
2016-12-29 13:35:44,048 - WARNING - werkzeug -   * Debugger is active!
2016-12-29 13:35:44,060 - INFO - werkzeug -   * Debugger pin code: 279-640-630
2016-12-29 13:35:47,287 - INFO - requests.packages.urllib3.connectionpool -  Starting new HTTP connection (1): api.opencagedata.com
2016-12-29 13:35:47,753 - DEBUG - requests.packages.urllib3.connectionpool -  "GET /geocode/v1/json?q=Cours+de+la+somme%2C+33000+bordeaux&language=fr&key=995f38d3b781b46526e1b3fd7e9a78a7&format=json HTTP/1.1" 200 None
2016-12-29 13:35:47,754 - INFO - garelaplusproche -  Coordinates for address "Cours de la somme, 33000 bordeaux" are: 44.8256658,-0.5725536
2016-12-29 13:35:47,781 - INFO - werkzeug -  127.0.0.1 - - [29/Dec/2016 13:35:47] "GET /nearest-station?address=Cours%20de%20la%20somme,%2033000%20bordeaux HTTP/1.1" 200 -
2016-12-29 13:37:01,539 - INFO - werkzeug -   * Detected change in '/Users/sdesby/Projets/Python/GareLaPlusProche/GareLaPlusProche/api.py', reloading
2016-12-29 13:37:01,996 - INFO - werkzeug -   * Restarting with stat
2016-12-29 13:37:18,068 - INFO - werkzeug -   * Running on http://127.0.0.1:5000/ (Press CTRL+C to quit)
2016-12-29 13:37:18,070 - INFO - werkzeug -   * Restarting with stat
2016-12-29 13:37:18,212 - WARNING - werkzeug -   * Debugger is active!
2016-12-29 13:37:18,223 - INFO - werkzeug -   * Debugger pin code: 279-640-630
2016-12-29 13:37:22,084 - INFO - requests.packages.urllib3.connectionpool -  Starting new HTTP connection (1): api.opencagedata.com
2016-12-29 13:37:22,512 - DEBUG - requests.packages.urllib3.connectionpool -  "GET /geocode/v1/json?q=Cours+de+la+somme%2C+33000+bordeaux&language=fr&key=995f38d3b781b46526e1b3fd7e9a78a7&format=json HTTP/1.1" 200 None
2016-12-29 13:37:22,513 - INFO - garelaplusproche -  Coordinates for address "Cours de la somme, 33000 bordeaux" are: 44.8256658,-0.5725536
2016-12-29 13:37:22,541 - INFO - werkzeug -  127.0.0.1 - - [29/Dec/2016 13:37:22] "GET /nearest-station?address=Cours%20de%20la%20somme,%2033000%20bordeaux HTTP/1.1" 200 -
2016-12-29 13:40:11,308 - INFO - werkzeug -   * Detected change in '/Users/sdesby/Projets/Python/GareLaPlusProche/GareLaPlusProche/api.py', reloading
2016-12-29 13:40:11,775 - INFO - werkzeug -   * Restarting with stat
2016-12-29 13:40:11,921 - WARNING - werkzeug -   * Debugger is active!
2016-12-29 13:40:11,931 - INFO - werkzeug -   * Debugger pin code: 279-640-630
2016-12-29 13:42:44,638 - INFO - requests.packages.urllib3.connectionpool -  Starting new HTTP connection (1): api.opencagedata.com
2016-12-29 13:42:45,789 - DEBUG - requests.packages.urllib3.connectionpool -  "GET /geocode/v1/json?q=10+rue+richard+lenoir%2C+75011+paris&language=fr&key=995f38d3b781b46526e1b3fd7e9a78a7&format=json HTTP/1.1" 200 None
2016-12-29 13:42:45,791 - INFO - garelaplusproche -  Coordinates for address "10 rue richard lenoir, 75011 paris" are: 48.8547902,2.3823204
2016-12-29 13:42:45,799 - INFO - werkzeug -  127.0.0.1 - - [29/Dec/2016 13:42:45] "GET /nearest-station-detailed-address?number=10&street=rue%20richard%20lenoir&postalcode=75011&city=paris&howbig=a HTTP/1.1" 500 -
2016-12-29 13:43:04,341 - INFO - requests.packages.urllib3.connectionpool -  Starting new HTTP connection (1): api.opencagedata.com
2016-12-29 13:43:04,803 - DEBUG - requests.packages.urllib3.connectionpool -  "GET /geocode/v1/json?q=10+rue+richard+lenoir%2C+75011+paris&language=fr&key=995f38d3b781b46526e1b3fd7e9a78a7&format=json HTTP/1.1" 200 None
2016-12-29 13:43:04,804 - INFO - garelaplusproche -  Coordinates for address "10 rue richard lenoir, 75011 paris" are: 48.8547902,2.3823204
2016-12-29 13:43:04,830 - INFO - werkzeug -  127.0.0.1 - - [29/Dec/2016 13:43:04] "GET /nearest-station-detailed-address?number=10&street=rue%20richard%20lenoir&postalcode=75011&city=paris HTTP/1.1" 200 -
2016-12-29 13:45:09,802 - INFO - werkzeug -   * Detected change in '/Users/sdesby/Projets/Python/GareLaPlusProche/GareLaPlusProche/api.py', reloading
2016-12-29 13:45:10,156 - INFO - werkzeug -   * Restarting with stat
2016-12-29 13:45:10,300 - WARNING - werkzeug -   * Debugger is active!
2016-12-29 13:45:10,311 - INFO - werkzeug -   * Debugger pin code: 279-640-630
2016-12-29 13:46:12,705 - INFO - werkzeug -   * Detected change in '/Users/sdesby/Projets/Python/GareLaPlusProche/GareLaPlusProche/api.py', reloading
2016-12-29 13:46:13,217 - INFO - werkzeug -   * Restarting with stat
2016-12-29 13:46:13,363 - WARNING - werkzeug -   * Debugger is active!
2016-12-29 13:46:13,373 - INFO - werkzeug -   * Debugger pin code: 279-640-630
2016-12-29 13:46:19,202 - INFO - garelaplusproche -  Built address "10 rue richard lenoir, 75011 paris" from detailed address
2016-12-29 13:46:19,207 - INFO - requests.packages.urllib3.connectionpool -  Starting new HTTP connection (1): api.opencagedata.com
2016-12-29 13:46:19,722 - DEBUG - requests.packages.urllib3.connectionpool -  "GET /geocode/v1/json?q=10+rue+richard+lenoir%2C+75011+paris&language=fr&key=995f38d3b781b46526e1b3fd7e9a78a7&format=json HTTP/1.1" 200 None
2016-12-29 13:46:19,723 - INFO - garelaplusproche -  Coordinates for address "10 rue richard lenoir, 75011 paris" are: 48.8547902,2.3823204
2016-12-29 13:46:19,749 - INFO - werkzeug -  127.0.0.1 - - [29/Dec/2016 13:46:19] "GET /nearest-station-detailed-address?number=10&street=rue%20richard%20lenoir&postalcode=75011&city=paris HTTP/1.1" 200 -
2016-12-29 13:46:58,479 - INFO - requests.packages.urllib3.connectionpool -  Starting new HTTP connection (1): api.opencagedata.com
2016-12-29 13:46:58,945 - DEBUG - requests.packages.urllib3.connectionpool -  "GET /geocode/v1/json?q=10+rue+richard+lenoir%2C+75011+paris&language=fr&key=995f38d3b781b46526e1b3fd7e9a78a7&format=json HTTP/1.1" 200 None
2016-12-29 13:46:58,946 - INFO - garelaplusproche -  Coordinates for address "10 rue richard lenoir, 75011 paris" are: 48.8547902,2.3823204
2016-12-29 13:46:58,970 - INFO - werkzeug -  127.0.0.1 - - [29/Dec/2016 13:46:58] "GET /nearest-station?address=10%20rue%20richard%20lenoir,%2075011%20paris HTTP/1.1" 200 -
2016-12-29 13:49:45,729 - INFO - werkzeug -   * Detected change in '/Users/sdesby/Projets/Python/GareLaPlusProche/GareLaPlusProche/engine.py', reloading
2016-12-29 13:49:46,091 - INFO - werkzeug -   * Restarting with stat
2016-12-29 13:51:05,291 - INFO - werkzeug -   * Running on http://127.0.0.1:5000/ (Press CTRL+C to quit)
2016-12-29 13:51:05,293 - INFO - werkzeug -   * Restarting with stat
2016-12-29 13:51:05,438 - WARNING - werkzeug -   * Debugger is active!
2016-12-29 13:51:05,449 - INFO - werkzeug -   * Debugger pin code: 279-640-630
2016-12-29 13:51:09,458 - INFO - garelaplusproche -  Built address "10 rue richard lenoir, 75011 paris" from detailed address
2016-12-29 13:51:09,591 - INFO - requests.packages.urllib3.connectionpool -  Starting new HTTP connection (1): api.opencagedata.com
2016-12-29 13:51:10,576 - DEBUG - requests.packages.urllib3.connectionpool -  "GET /geocode/v1/json?q=10+rue+richard+lenoir%2C+75011+paris&language=fr&key=995f38d3b781b46526e1b3fd7e9a78a7&format=json HTTP/1.1" 200 None
2016-12-29 13:51:10,578 - INFO - garelaplusproche -  Coordinates for address "10 rue richard lenoir, 75011 paris" are: 48.8547902,2.3823204
2016-12-29 13:51:10,579 - INFO - garelaplusproche.engine -  Calculate Nearest station for coordinates: (48.8547902, 2.3823204)
2016-12-29 13:51:10,610 - INFO - werkzeug -  127.0.0.1 - - [29/Dec/2016 13:51:10] "GET /nearest-station-detailed-address?number=10&street=rue%20richard%20lenoir&postalcode=75011&city=paris HTTP/1.1" 500 -
2016-12-29 13:51:31,619 - INFO - werkzeug -   * Detected change in '/Users/sdesby/Projets/Python/GareLaPlusProche/GareLaPlusProche/engine.py', reloading
2016-12-29 13:51:32,151 - INFO - werkzeug -   * Restarting with stat
2016-12-29 13:51:36,951 - INFO - werkzeug -   * Running on http://127.0.0.1:5000/ (Press CTRL+C to quit)
2016-12-29 13:51:36,953 - INFO - werkzeug -   * Restarting with stat
2016-12-29 13:51:37,098 - WARNING - werkzeug -   * Debugger is active!
2016-12-29 13:51:37,108 - INFO - werkzeug -   * Debugger pin code: 279-640-630
2016-12-29 13:51:39,829 - INFO - garelaplusproche -  Built address "10 rue richard lenoir, 75011 paris" from detailed address
2016-12-29 13:51:39,834 - INFO - requests.packages.urllib3.connectionpool -  Starting new HTTP connection (1): api.opencagedata.com
2016-12-29 13:51:40,368 - DEBUG - requests.packages.urllib3.connectionpool -  "GET /geocode/v1/json?q=10+rue+richard+lenoir%2C+75011+paris&language=fr&key=995f38d3b781b46526e1b3fd7e9a78a7&format=json HTTP/1.1" 200 None
2016-12-29 13:51:40,369 - INFO - garelaplusproche -  Coordinates for address "10 rue richard lenoir, 75011 paris" are: 48.8547902,2.3823204
2016-12-29 13:51:40,370 - INFO - garelaplusproche.engine -  Calculate Nearest station for coordinates: (48.8547902, 2.3823204)
2016-12-29 13:51:40,394 - INFO - garelaplusproche.engine -  Found station: {u'city': u'Paris', u'name': u'Paris Gare de Lyon', u'region': u'\xcele-de-France', u'longitude': 2.37352, u'postalCode': 75012, u'department': u'Paris', u'latitude': 48.844888, u'_id': ObjectId('57a08c24776e3468e6c9408b'), u'howbig': u'a b'}
2016-12-29 13:51:40,395 - INFO - werkzeug -  127.0.0.1 - - [29/Dec/2016 13:51:40] "GET /nearest-station-detailed-address?number=10&street=rue%20richard%20lenoir&postalcode=75011&city=paris HTTP/1.1" 200 -
2016-12-29 13:52:35,490 - INFO - werkzeug -   * Detected change in '/Users/sdesby/Projets/Python/GareLaPlusProche/GareLaPlusProche/api.py', reloading
2016-12-29 13:52:35,944 - INFO - werkzeug -   * Restarting with stat
2016-12-29 13:52:36,094 - WARNING - werkzeug -   * Debugger is active!
2016-12-29 13:52:36,105 - INFO - werkzeug -   * Debugger pin code: 279-640-630
2016-12-29 13:52:38,783 - INFO - garelaplusproche -  Built address "10 rue richard lenoir, 75011 paris" from detailed address
2016-12-29 13:52:38,788 - INFO - requests.packages.urllib3.connectionpool -  Starting new HTTP connection (1): api.opencagedata.com
2016-12-29 13:52:39,314 - DEBUG - requests.packages.urllib3.connectionpool -  "GET /geocode/v1/json?q=10+rue+richard+lenoir%2C+75011+paris&language=fr&key=995f38d3b781b46526e1b3fd7e9a78a7&format=json HTTP/1.1" 200 None
2016-12-29 13:52:39,316 - INFO - garelaplusproche -  Coordinates for address "10 rue richard lenoir, 75011 paris" are: 48.8547902,2.3823204
2016-12-29 13:52:39,317 - INFO - garelaplusproche.engine -  Calculate Nearest station for coordinates: (48.8547902, 2.3823204)
2016-12-29 13:52:39,342 - INFO - garelaplusproche.engine -  Found station: {u'city': u'Paris', u'name': u'Paris Gare de Lyon', u'region': u'\xcele-de-France', u'longitude': 2.37352, u'postalCode': 75012, u'department': u'Paris', u'latitude': 48.844888, u'_id': ObjectId('57a08c24776e3468e6c9408b'), u'howbig': u'a b'}
2016-12-29 13:52:39,343 - INFO - werkzeug -  127.0.0.1 - - [29/Dec/2016 13:52:39] "GET /nearest-station-detailed-address?number=10&street=rue%20richard%20lenoir&postalcode=75011&city=paris HTTP/1.1" 200 -
2016-12-29 13:52:58,666 - INFO - garelaplusproche -  Built address "10 tot, 000 tata" from detailed address
2016-12-29 13:52:58,668 - INFO - requests.packages.urllib3.connectionpool -  Starting new HTTP connection (1): api.opencagedata.com
2016-12-29 13:52:59,279 - DEBUG - requests.packages.urllib3.connectionpool -  "GET /geocode/v1/json?q=10+tot%2C+000+tata&language=fr&key=995f38d3b781b46526e1b3fd7e9a78a7&format=json HTTP/1.1" 200 None
2016-12-29 13:52:59,280 - INFO - garelaplusproche -  Coordinates for address "10 tot, 000 tata" are: 29.66667,-7.83333
2016-12-29 13:52:59,281 - INFO - garelaplusproche.engine -  Calculate Nearest station for coordinates: (29.66667, -7.83333)
2016-12-29 13:52:59,303 - INFO - garelaplusproche.engine -  Found station: {u'city': u'Saint-Jean-Pied-de-Port', u'name': u'Saint-Jean-Pied-de-Port', u'region': u'Aquitaine', u'longitude': -1.2380129, u'postalCode': 64220, u'department': u'Pyr\xe9n\xe9es-Atlantiques', u'latitude': 43.1679394, u'_id': ObjectId('57a08c24776e3468e6c940ee'), u'howbig': u'c'}
2016-12-29 13:52:59,304 - INFO - werkzeug -  127.0.0.1 - - [29/Dec/2016 13:52:59] "GET /nearest-station-detailed-address?number=10&street=tot&postalcode=000&city=tata HTTP/1.1" 200 -
2016-12-29 13:53:13,658 - INFO - garelaplusproche -  Built address "0 tot, 000 tata" from detailed address
2016-12-29 13:53:13,660 - INFO - requests.packages.urllib3.connectionpool -  Starting new HTTP connection (1): api.opencagedata.com
2016-12-29 13:53:14,172 - DEBUG - requests.packages.urllib3.connectionpool -  "GET /geocode/v1/json?q=0+tot%2C+000+tata&language=fr&key=995f38d3b781b46526e1b3fd7e9a78a7&format=json HTTP/1.1" 200 None
2016-12-29 13:53:14,173 - INFO - garelaplusproche -  Coordinates for address "0 tot, 000 tata" are: 29.66667,-7.83333
2016-12-29 13:53:14,174 - INFO - garelaplusproche.engine -  Calculate Nearest station for coordinates: (29.66667, -7.83333)
2016-12-29 13:53:14,197 - INFO - garelaplusproche.engine -  Found station: {u'city': u'Saint-Jean-Pied-de-Port', u'name': u'Saint-Jean-Pied-de-Port', u'region': u'Aquitaine', u'longitude': -1.2380129, u'postalCode': 64220, u'department': u'Pyr\xe9n\xe9es-Atlantiques', u'latitude': 43.1679394, u'_id': ObjectId('57a08c24776e3468e6c940ee'), u'howbig': u'c'}
2016-12-29 13:53:14,198 - INFO - werkzeug -  127.0.0.1 - - [29/Dec/2016 13:53:14] "GET /nearest-station-detailed-address?number=0&street=tot&postalcode=000&city=tata HTTP/1.1" 200 -
